Handling lib "arduino-wire"...
Handling lib "arduino-spi"...
Handling lib "arduino-compat"...
The --lib flag was not given for it, checking repository
The --lib flag was not given for it, checking repository
The --lib flag was not given for it, checking repository
Repository "/fwbuild-volumes/1.24/apps/arduino-adafruit-pwm-servo/esp8266/build_contexts/build_ctx_376334289/libs/arduino-wire" does not exist, cloning...

Repository "/fwbuild-volumes/1.24/apps/arduino-adafruit-pwm-servo/esp8266/build_contexts/build_ctx_376334289/libs/arduino-spi" does not exist, cloning...

Repository "/fwbuild-volumes/1.24/apps/arduino-adafruit-pwm-servo/esp8266/build_contexts/build_ctx_376334289/libs/arduino-compat" does not exist, cloning...

Hash is updated: "" -> "d7d74a91b63180f6138491790c574cfd0e4bc4ee"
Hash is updated: "" -> "8002cdf76c885e53f676b7e39cfac41ad393cd4d"
Hash is updated: "" -> "f1e3e20d4f3f6e798ac2409a69404b18e77d5ed5"
Successfully fetched prebuilt binary for "arduino-wire" to "/fwbuild-volumes/1.24/apps/arduino-adafruit-pwm-servo/esp8266/build_contexts/build_ctx_376334289/libs/arduino-wire/lib/esp8266/libarduino-wire.a"
Prepared local dir: "/fwbuild-volumes/1.24/apps/arduino-adafruit-pwm-servo/esp8266/build_contexts/build_ctx_376334289/libs/arduino-wire"
Handling lib "i2c"...
Lib "arduino-compat" is already handled, skipping
The --lib flag was not given for it, checking repository
Repository "/fwbuild-volumes/1.24/apps/arduino-adafruit-pwm-servo/esp8266/build_contexts/build_ctx_376334289/libs/i2c" does not exist, cloning...

Successfully fetched prebuilt binary for "arduino-spi" to "/fwbuild-volumes/1.24/apps/arduino-adafruit-pwm-servo/esp8266/build_contexts/build_ctx_376334289/libs/arduino-spi/lib/esp8266/libarduino-spi.a"
Prepared local dir: "/fwbuild-volumes/1.24/apps/arduino-adafruit-pwm-servo/esp8266/build_contexts/build_ctx_376334289/libs/arduino-spi"
Lib "arduino-compat" is already handled, skipping
Handling lib "spi"...
The --lib flag was not given for it, checking repository
Repository "/fwbuild-volumes/1.24/apps/arduino-adafruit-pwm-servo/esp8266/build_contexts/build_ctx_376334289/libs/spi" does not exist, cloning...

Successfully fetched prebuilt binary for "arduino-compat" to "/fwbuild-volumes/1.24/apps/arduino-adafruit-pwm-servo/esp8266/build_contexts/build_ctx_376334289/libs/arduino-compat/lib/esp8266/libarduino-compat.a"
Prepared local dir: "/fwbuild-volumes/1.24/apps/arduino-adafruit-pwm-servo/esp8266/build_contexts/build_ctx_376334289/libs/arduino-compat"
Hash is updated: "" -> "bcfd5f7038f6fd4a5708eff769ed1baea6ca8066"
Hash is updated: "" -> "d7d559e33511530d21a37d8818af3eb5f853b23b"
Successfully fetched prebuilt binary for "i2c" to "/fwbuild-volumes/1.24/apps/arduino-adafruit-pwm-servo/esp8266/build_contexts/build_ctx_376334289/libs/i2c/lib/esp8266/libi2c.a"
Prepared local dir: "/fwbuild-volumes/1.24/apps/arduino-adafruit-pwm-servo/esp8266/build_contexts/build_ctx_376334289/libs/i2c"
Successfully fetched prebuilt binary for "spi" to "/fwbuild-volumes/1.24/apps/arduino-adafruit-pwm-servo/esp8266/build_contexts/build_ctx_376334289/libs/spi/lib/esp8266/libspi.a"
Prepared local dir: "/fwbuild-volumes/1.24/apps/arduino-adafruit-pwm-servo/esp8266/build_contexts/build_ctx_376334289/libs/spi"
The flag --repo is not given, going to use mongoose-os repository
Sources: [/fwbuild-volumes/1.24/apps/arduino-adafruit-pwm-servo/esp8266/build_contexts/build_ctx_376334289/src/mgos_arduino_Adafruit_PWMServoDriver_c.c /fwbuild-volumes/1.24/apps/arduino-adafruit-pwm-servo/esp8266/build_contexts/build_ctx_376334289/src/Adafruit_PWMServoDriver.cpp /fwbuild-volumes/1.24/apps/arduino-adafruit-pwm-servo/esp8266/build_contexts/build_ctx_376334289/src/mgos_arduino_PWMServoDriver.cpp]
Include dirs: [/fwbuild-volumes/1.24/apps/arduino-adafruit-pwm-servo/esp8266/build_contexts/build_ctx_376334289/libs/arduino-compat/include /fwbuild-volumes/1.24/apps/arduino-adafruit-pwm-servo/esp8266/build_contexts/build_ctx_376334289/libs/spi/include /fwbuild-volumes/1.24/apps/arduino-adafruit-pwm-servo/esp8266/build_contexts/build_ctx_376334289/libs/arduino-spi/include /fwbuild-volumes/1.24/apps/arduino-adafruit-pwm-servo/esp8266/build_contexts/build_ctx_376334289/libs/i2c/include /fwbuild-volumes/1.24/apps/arduino-adafruit-pwm-servo/esp8266/build_contexts/build_ctx_376334289/libs/arduino-wire/include]
Binary libs: []
Building...
mount from "/fwbuild-volumes/1.24/apps/arduino-adafruit-pwm-servo/esp8266/build_contexts/build_ctx_376334289" to "/app"
mount from "/fwbuild-volumes/1.24/apps/arduino-adafruit-pwm-servo/esp8266/build_contexts/build_ctx_376334289/modules/mongoose-os-1.24" to "/mongoose-os"
mount from "/fwbuild-volumes/1.24/apps/arduino-adafruit-pwm-servo/esp8266/build_contexts/build_ctx_376334289/modules/mongoose-os-1.24" to "/fwbuild-volumes/1.24/apps/arduino-adafruit-pwm-servo/esp8266/build_contexts/build_ctx_376334289/modules/mongoose-os-1.24"
mount from "/fwbuild-volumes/1.24/apps/arduino-adafruit-pwm-servo/esp8266/build_contexts/build_ctx_376334289/build" to "/fwbuild-volumes/1.24/apps/arduino-adafruit-pwm-servo/esp8266/build_contexts/build_ctx_376334289/build"
mount from "/fwbuild-volumes/1.24/apps/arduino-adafruit-pwm-servo/esp8266/build_contexts/build_ctx_376334289/src" to "/fwbuild-volumes/1.24/apps/arduino-adafruit-pwm-servo/esp8266/build_contexts/build_ctx_376334289/src"
mount from "/fwbuild-volumes/1.24/apps/arduino-adafruit-pwm-servo/esp8266/build_contexts/build_ctx_376334289/libs/arduino-compat/include" to "/fwbuild-volumes/1.24/apps/arduino-adafruit-pwm-servo/esp8266/build_contexts/build_ctx_376334289/libs/arduino-compat/include"
mount from "/fwbuild-volumes/1.24/apps/arduino-adafruit-pwm-servo/esp8266/build_contexts/build_ctx_376334289/libs/spi/include" to "/fwbuild-volumes/1.24/apps/arduino-adafruit-pwm-servo/esp8266/build_contexts/build_ctx_376334289/libs/spi/include"
mount from "/fwbuild-volumes/1.24/apps/arduino-adafruit-pwm-servo/esp8266/build_contexts/build_ctx_376334289/libs/arduino-spi/include" to "/fwbuild-volumes/1.24/apps/arduino-adafruit-pwm-servo/esp8266/build_contexts/build_ctx_376334289/libs/arduino-spi/include"
mount from "/fwbuild-volumes/1.24/apps/arduino-adafruit-pwm-servo/esp8266/build_contexts/build_ctx_376334289/libs/i2c/include" to "/fwbuild-volumes/1.24/apps/arduino-adafruit-pwm-servo/esp8266/build_contexts/build_ctx_376334289/libs/i2c/include"
mount from "/fwbuild-volumes/1.24/apps/arduino-adafruit-pwm-servo/esp8266/build_contexts/build_ctx_376334289/libs/arduino-wire/include" to "/fwbuild-volumes/1.24/apps/arduino-adafruit-pwm-servo/esp8266/build_contexts/build_ctx_376334289/libs/arduino-wire/include"
mount from "/fwbuild-volumes/1.24/apps/arduino-adafruit-pwm-servo/esp8266/build_contexts/build_ctx_376334289/build/gen" to "/fwbuild-volumes/1.24/apps/arduino-adafruit-pwm-servo/esp8266/build_contexts/build_ctx_376334289/build/gen"
Docker arguments: run --name mos_build_2018-01-16T06-13-36-00_1992644995016356596 --rm -i -v /fwbuild-volumes/1.24/apps/arduino-adafruit-pwm-servo/esp8266/build_contexts/build_ctx_376334289/build/gen:/fwbuild-volumes/1.24/apps/arduino-adafruit-pwm-servo/esp8266/build_contexts/build_ctx_376334289/build/gen -v /fwbuild-volumes/1.24/apps/arduino-adafruit-pwm-servo/esp8266/build_contexts/build_ctx_376334289:/app -v /fwbuild-volumes/1.24/apps/arduino-adafruit-pwm-servo/esp8266/build_contexts/build_ctx_376334289/src:/fwbuild-volumes/1.24/apps/arduino-adafruit-pwm-servo/esp8266/build_contexts/build_ctx_376334289/src -v /fwbuild-volumes/1.24/apps/arduino-adafruit-pwm-servo/esp8266/build_contexts/build_ctx_376334289/libs/arduino-compat/include:/fwbuild-volumes/1.24/apps/arduino-adafruit-pwm-servo/esp8266/build_contexts/build_ctx_376334289/libs/arduino-compat/include -v /fwbuild-volumes/1.24/apps/arduino-adafruit-pwm-servo/esp8266/build_contexts/build_ctx_376334289/libs/arduino-spi/include:/fwbuild-volumes/1.24/apps/arduino-adafruit-pwm-servo/esp8266/build_contexts/build_ctx_376334289/libs/arduino-spi/include -v /fwbuild-volumes/1.24/apps/arduino-adafruit-pwm-servo/esp8266/build_contexts/build_ctx_376334289/libs/i2c/include:/fwbuild-volumes/1.24/apps/arduino-adafruit-pwm-servo/esp8266/build_contexts/build_ctx_376334289/libs/i2c/include -v /fwbuild-volumes/1.24/apps/arduino-adafruit-pwm-servo/esp8266/build_contexts/build_ctx_376334289/libs/arduino-wire/include:/fwbuild-volumes/1.24/apps/arduino-adafruit-pwm-servo/esp8266/build_contexts/build_ctx_376334289/libs/arduino-wire/include -v /fwbuild-volumes/1.24/apps/arduino-adafruit-pwm-servo/esp8266/build_contexts/build_ctx_376334289/modules/mongoose-os-1.24:/mongoose-os -v /fwbuild-volumes/1.24/apps/arduino-adafruit-pwm-servo/esp8266/build_contexts/build_ctx_376334289/modules/mongoose-os-1.24:/fwbuild-volumes/1.24/apps/arduino-adafruit-pwm-servo/esp8266/build_contexts/build_ctx_376334289/modules/mongoose-os-1.24 -v /fwbuild-volumes/1.24/apps/arduino-adafruit-pwm-servo/esp8266/build_contexts/build_ctx_376334289/build:/fwbuild-volumes/1.24/apps/arduino-adafruit-pwm-servo/esp8266/build_contexts/build_ctx_376334289/build -v /fwbuild-volumes/1.24/apps/arduino-adafruit-pwm-servo/esp8266/build_contexts/build_ctx_376334289/libs/spi/include:/fwbuild-volumes/1.24/apps/arduino-adafruit-pwm-servo/esp8266/build_contexts/build_ctx_376334289/libs/spi/include --user 0:0 docker.cesanta.com/esp8266-build:2.1.0-1.5.0-r8 /bin/bash -c nice make '-j' '32' '-C' '/app' '-f' '/mongoose-os/fw/platforms/esp8266/Makefile.build' '/fwbuild-volumes/1.24/apps/arduino-adafruit-pwm-servo/esp8266/build_contexts/build_ctx_376334289/build/objs/lib.a' 'APP_CXXFLAGS=-DESP8266=1 -DMGOS_HAVE_SPI=1 -DMGOS_HAVE_I2C=1 -DMGOS_HAVE_ARDUINO_SPI=1 -DMGOS_HAVE_ARDUINO_COMPAT=1 -DMGOS_HAVE_ARDUINO_WIRE=1 -DF_CPU=160000000 -DARDUINO=150' 'APP=arduino-adafruit-pwm-servo' 'BUILD_DIR=/fwbuild-volumes/1.24/apps/arduino-adafruit-pwm-servo/esp8266/build_contexts/build_ctx_376334289/build/objs' 'FS_STAGING_DIR=build/fs' 'PLATFORM=esp8266' 'FFI_SYMBOLS=' 'MGOS_ENABLE_SPI_GPIO=1' 'MGOS_ENABLE_I2C_GPIO=1' 'MGOS_HAVE_ARDUINO_SPI=1' 'APP_VERSION=1.0' 'APP_CFLAGS=-DARDUINO=150 -DESP8266=1 -DMGOS_HAVE_SPI=1 -DMGOS_HAVE_I2C=1 -DMGOS_HAVE_ARDUINO_SPI=1 -DMGOS_HAVE_ARDUINO_COMPAT=1 -DMGOS_HAVE_ARDUINO_WIRE=1 -DF_CPU=160000000' 'APP_INCLUDES=/fwbuild-volumes/1.24/apps/arduino-adafruit-pwm-servo/esp8266/build_contexts/build_ctx_376334289/libs/arduino-compat/include /fwbuild-volumes/1.24/apps/arduino-adafruit-pwm-servo/esp8266/build_contexts/build_ctx_376334289/libs/spi/include /fwbuild-volumes/1.24/apps/arduino-adafruit-pwm-servo/esp8266/build_contexts/build_ctx_376334289/libs/arduino-spi/include /fwbuild-volumes/1.24/apps/arduino-adafruit-pwm-servo/esp8266/build_contexts/build_ctx_376334289/libs/i2c/include /fwbuild-volumes/1.24/apps/arduino-adafruit-pwm-servo/esp8266/build_contexts/build_ctx_376334289/libs/arduino-wire/include' 'MANIFEST_FINAL=/fwbuild-volumes/1.24/apps/arduino-adafruit-pwm-servo/esp8266/build_contexts/build_ctx_376334289/build/gen/mos_final.yml' 'MGOS_PATH=/mongoose-os' 'APP_CONF_SCHEMA=/fwbuild-volumes/1.24/apps/arduino-adafruit-pwm-servo/esp8266/build_contexts/build_ctx_376334289/build/gen/mos_conf_schema.yml' 'MGOS_HAVE_I2C=1' 'MGOS_HAVE_ARDUINO_WIRE=1' 'APP_FS_FILES=' 'APP_BIN_LIBS=' 'FW_DIR=build/fw' 'MGOS_HAVE_SPI=1' 'MGOS_HAVE_ARDUINO_COMPAT=1' 'GEN_DIR=/fwbuild-volumes/1.24/apps/arduino-adafruit-pwm-servo/esp8266/build_contexts/build_ctx_376334289/build/gen' 'APP_SOURCES=/fwbuild-volumes/1.24/apps/arduino-adafruit-pwm-servo/esp8266/build_contexts/build_ctx_376334289/src/mgos_arduino_Adafruit_PWMServoDriver_c.c /fwbuild-volumes/1.24/apps/arduino-adafruit-pwm-servo/esp8266/build_contexts/build_ctx_376334289/src/Adafruit_PWMServoDriver.cpp /fwbuild-volumes/1.24/apps/arduino-adafruit-pwm-servo/esp8266/build_contexts/build_ctx_376334289/src/mgos_arduino_PWMServoDriver.cpp'
make: Entering directory '/app'
  MKDIR /fwbuild-volumes/1.24/apps/arduino-adafruit-pwm-servo/esp8266/build_contexts/build_ctx_376334289/build/objs
  GEN   /fwbuild-volumes/1.24/apps/arduino-adafruit-pwm-servo/esp8266/build_contexts/build_ctx_376334289/build/gen/mgos_config.c
  GEN   /fwbuild-volumes/1.24/apps/arduino-adafruit-pwm-servo/esp8266/build_contexts/build_ctx_376334289/build/gen/mgos_ro_vars.c
  CC    /fwbuild-volumes/1.24/apps/arduino-adafruit-pwm-servo/esp8266/build_contexts/build_ctx_376334289/src/mgos_arduino_Adafruit_PWMServoDriver_c.c -> /fwbuild-volumes/1.24/apps/arduino-adafruit-pwm-servo/esp8266/build_contexts/build_ctx_376334289/build/objs/mgos_arduino_Adafruit_PWMServoDriver_c.c.o
  CXX    /fwbuild-volumes/1.24/apps/arduino-adafruit-pwm-servo/esp8266/build_contexts/build_ctx_376334289/src/Adafruit_PWMServoDriver.cpp -> /fwbuild-volumes/1.24/apps/arduino-adafruit-pwm-servo/esp8266/build_contexts/build_ctx_376334289/build/objs/Adafruit_PWMServoDriver.cpp.o
  CXX    /fwbuild-volumes/1.24/apps/arduino-adafruit-pwm-servo/esp8266/build_contexts/build_ctx_376334289/src/mgos_arduino_PWMServoDriver.cpp -> /fwbuild-volumes/1.24/apps/arduino-adafruit-pwm-servo/esp8266/build_contexts/build_ctx_376334289/build/objs/mgos_arduino_PWMServoDriver.cpp.o
  AR    /fwbuild-volumes/1.24/apps/arduino-adafruit-pwm-servo/esp8266/build_contexts/build_ctx_376334289/build/objs/lib.a
/opt/Espressif/crosstool-NG/builds/xtensa-lx106-elf/bin/xtensa-lx106-elf-ar cru /fwbuild-volumes/1.24/apps/arduino-adafruit-pwm-servo/esp8266/build_contexts/build_ctx_376334289/build/objs/lib.a /fwbuild-volumes/1.24/apps/arduino-adafruit-pwm-servo/esp8266/build_contexts/build_ctx_376334289/build/objs/mgos_arduino_Adafruit_PWMServoDriver_c.c.o /fwbuild-volumes/1.24/apps/arduino-adafruit-pwm-servo/esp8266/build_contexts/build_ctx_376334289/build/objs/Adafruit_PWMServoDriver.cpp.o /fwbuild-volumes/1.24/apps/arduino-adafruit-pwm-servo/esp8266/build_contexts/build_ctx_376334289/build/objs/mgos_arduino_PWMServoDriver.cpp.o
make: Leaving directory '/app'
Lib saved to build/lib.a
